Command line invocation:
    /Applications/Xcode.app/Contents/Developer/usr/bin/xcodebuild build -project /Users/faisalalalaiwat/punk.systems/code/swift/shittyV2/wispr.xcodeproj -scheme wispr -destination id=E39690BE-E86B-4012-85CF-B8F0725C3039 -parallelizeTargets

User defaults from command line:
    IDEPackageSupportUseBuiltinSCM = YES

--- xcodebuild: WARNING: Using the first of multiple matching destinations:
{ platform:iOS Simulator, id:E39690BE-E86B-4012-85CF-B8F0725C3039, OS:18.0, name:iPhone 16 }
{ platform:iOS Simulator, id:E39690BE-E86B-4012-85CF-B8F0725C3039, OS:18.0, name:iPhone 16 }
Prepare packages

ComputeTargetDependencyGraph
note: Building targets in dependency order
note: Target dependency graph (1 target)
    Target 'wispr' in project 'wispr' (no dependencies)

GatherProvisioningInputs

CreateBuildDescription

ClangStatCache /Applications/Xcode.app/Contents/Developer/Toolchains/XcodeDefault.xctoolchain/usr/bin/clang-stat-cache /Applications/Xcode.app/Contents/Developer/Platforms/iPhoneSimulator.platform/Developer/SDKs/iPhoneSimulator18.0.sdk /Users/faisalalalaiwat/Library/Developer/Xcode/DerivedData/SDKStatCaches.noindex/iphonesimulator18.0-22A3362-db63dc9361471f152f572502bdbfe70a.sdkstatcache
    cd /Users/faisalalalaiwat/punk.systems/code/swift/shittyV2/wispr.xcodeproj
    /Applications/Xcode.app/Contents/Developer/Toolchains/XcodeDefault.xctoolchain/usr/bin/clang-stat-cache /Applications/Xcode.app/Contents/Developer/Platforms/iPhoneSimulator.platform/Developer/SDKs/iPhoneSimulator18.0.sdk -o /Users/faisalalalaiwat/Library/Developer/Xcode/DerivedData/SDKStatCaches.noindex/iphonesimulator18.0-22A3362-db63dc9361471f152f572502bdbfe70a.sdkstatcache

warning: Skipping duplicate build file in Compile Sources build phase: /Users/faisalalalaiwat/punk.systems/code/swift/shittyV2/wispr/DayView.swift (in target 'wispr' from project 'wispr')
warning: Skipping duplicate build file in Compile Sources build phase: /Users/faisalalalaiwat/punk.systems/code/swift/shittyV2/wispr/EventView.swift (in target 'wispr' from project 'wispr')
warning: Skipping duplicate build file in Compile Sources build phase: /Users/faisalalalaiwat/punk.systems/code/swift/shittyV2/wispr/Models.swift (in target 'wispr' from project 'wispr')
warning: Skipping duplicate build file in Compile Sources build phase: /Users/faisalalalaiwat/punk.systems/code/swift/shittyV2/wispr/SettingsView.swift (in target 'wispr' from project 'wispr')
warning: Skipping duplicate build file in Compile Sources build phase: /Users/faisalalalaiwat/punk.systems/code/swift/shittyV2/wispr/TodoView.swift (in target 'wispr' from project 'wispr')
** BUILD SUCCEEDED **


