[!]  --- xcodebuild: Using the first of multiple matching destinations:
{ platform:iOS Simulator, id:187AF873-4B51-49CE-BA6C-9D4ABE9EDABB, OS:18.0, name:iPhone 16 Pro }
{ platform:iOS Simulator, id:187AF873-4B51-49CE-BA6C-9D4ABE9EDABB, OS:18.0, name:iPhone 16 Pro }
[acht] Compiling ContentView.swift
[!]  /Users/faisalalalaiwat/punk.systems/code/swift/acht/acht/ContentView.swift:170:32: non-constant range: argument must be an integer literal
                ForEach(1 ..< (maxValue + 1)) { index in
                               ^
[acht] Copy arm64-apple-ios-simulator.swiftsourceinfo -> acht.swiftsourceinfo
[acht] Copy arm64-apple-ios-simulator.swiftmodule -> acht.swiftmodule
[acht] Copy arm64-apple-ios-simulator.abi.json -> acht.abi.json
Signing acht.debug.dylib (in target 'acht' from project 'acht')
Signing __preview.dylib (in target 'acht' from project 'acht')
Signing acht.app (in target 'acht' from project 'acht')
Build Succeeded

-----------------------------
-- xcodebuild.nvim summary --
-----------------------------

Warnings:
   /Users/faisalalalaiwat/punk.systems/code/swift/acht/acht/ContentView.swift:170:32
    non-constant range: argument must be an integer literal
                    ForEach(1 ..< (maxValue + 1)) { index in
                                   ^

  ✔ Build Succeeded

